13:25:30 **** Build of configuration Release for project TDD example using googletest ****
make all 
Building file: ../test/mathtest.cpp
Invoking: Cross G++ Compiler
g++ -std=c++17 -Ipthread -I"/Users/raswantkoushikpeesapati/high_performance_app/TDD example using googletest/googletesting" -I"/Users/raswantkoushikpeesapati/high_performance_app/TDD example using googletest/src" -O3 -Wall -c -fmessage-length=0 -MMD -MP -MF"test/mathtest.d" -MT"test/mathtest.o" -o "test/mathtest.o" "../test/mathtest.cpp"
Finished building: ../test/mathtest.cpp
 
Building file: ../src/Maths.cpp
Invoking: Cross G++ Compiler
g++ -std=c++17 -Ipthread -O3 -Wall -c -fmessage-length=0 -MMD -MP -MF"src/Maths.d" -MT"src/Maths.o" -o "src/Maths.o" "../src/Maths.cpp"
Finished building: ../src/Maths.cpp
 
Building file: ../googletesting/gtest/gtest-all.cc
Invoking: Cross G++ Compiler
g++ -std=c++17 -Ipthread -I"/Users/raswantkoushikpeesapati/high_performance_app/TDD example using googletest/googletesting" -O3 -Wall -c -fmessage-length=0 -MMD -MP -MF"googletesting/gtest/gtest-all.d" -MT"googletesting/gtest/gtest-all.o" -o "googletesting/gtest/gtest-all.o" "../googletesting/gtest/gtest-all.cc"
Finished building: ../googletesting/gtest/gtest-all.cc
 
Building file: ../googletest/googletest/xcode/Samples/FrameworkSample/widget.cc
Invoking: Cross G++ Compiler
g++ -std=c++17 -Ipthread -O3 -Wall -c -fmessage-length=0 -MMD -MP -MF"googletest/googletest/xcode/Samples/FrameworkSample/widget.d" -MT"googletest/googletest/xcode/Samples/FrameworkSample/widget.o" -o "googletest/googletest/xcode/Samples/FrameworkSample/widget.o" "../googletest/googletest/xcode/Samples/FrameworkSample/widget.cc"
Finished building: ../googletest/googletest/xcode/Samples/FrameworkSample/widget.cc
 
Building file: ../googletest/googletest/xcode/Samples/FrameworkSample/widget_test.cc
Invoking: Cross G++ Compiler
g++ -std=c++17 -Ipthread -O3 -Wall -c -fmessage-length=0 -MMD -MP -MF"googletest/googletest/xcode/Samples/FrameworkSample/widget_test.d" -MT"googletest/googletest/xcode/Samples/FrameworkSample/widget_test.o" -o "googletest/googletest/xcode/Samples/FrameworkSample/widget_test.o" "../googletest/googletest/xcode/Samples/FrameworkSample/widget_test.cc"
../googletest/googletest/xcode/Samples/FrameworkSample/widget_test.cc:41:10: fatal error: 'Widget/widget.h' file not found
#include <Widget/widget.h>
         ^~~~~~~~~~~~~~~~~
1 error generated.
make: *** [googletest/googletest/xcode/Samples/FrameworkSample/widget_test.o] Error 1

13:25:38 Build Finished (took 8s.419ms)

