11:54:11 **** Build of configuration Release for project test ****
make all 
Building file: /Users/raswantkoushikpeesapati/high_performance_app/TTD example/src/Maths.cpp
Invoking: Cross G++ Compiler
g++ -O3 -Wall -c -fmessage-length=0 -MMD -MP -MF"src/Maths.d" -MT"src/Maths.o" -o "src/Maths.o" "/Users/raswantkoushikpeesapati/high_performance_app/TTD example/src/Maths.cpp"
Finished building: /Users/raswantkoushikpeesapati/high_performance_app/TTD example/src/Maths.cpp
 
Building file: ../mathtest.cpp
Invoking: Cross G++ Compiler
g++ -O3 -Wall -c -fmessage-length=0 -MMD -MP -MF"mathtest.d" -MT"mathtest.o" -o "mathtest.o" "../mathtest.cpp"
../mathtest.cpp:12:10: fatal error: 'Maths.h' file not found
#include "Maths.h"
         ^~~~~~~~~
1 error generated.
make: *** [mathtest.o] Error 1

11:54:12 Build Finished (took 1s.819ms)

