13:17:03 **** Incremental Build of configuration Debug for project TTD example ****
make all 
Building file: ../unittesting/mathtest.cpp
Invoking: GCC C++ Compiler
g++ -std=c++17 -I"/Users/raswantkoushikpeesapati/high_performance_app/TTD example/googletesting" -Ilpthread -I"/Users/raswantkoushikpeesapati/high_performance_app/TTD example/src" -O0 -g3 -Wall -c -fmessage-length=0 -MMD -MP -MF"unittesting/mathtest.d" -MT"unittesting/mathtest.o" -o "unittesting/mathtest.o" "../unittesting/mathtest.cpp"
Finished building: ../unittesting/mathtest.cpp
 
Building file: ../googletesting/gtest/gtest-all.cc
Invoking: GCC C++ Compiler
g++ -std=c++17 -Ilpthread -I"/Users/raswantkoushikpeesapati/high_performance_app/TTD example/googletesting" -O0 -g3 -Wall -c -fmessage-length=0 -MMD -MP -MF"googletesting/gtest/gtest-all.d" -MT"googletesting/gtest/gtest-all.o" -o "googletesting/gtest/gtest-all.o" "../googletesting/gtest/gtest-all.cc"
Finished building: ../googletesting/gtest/gtest-all.cc
 
Building file: ../googletest/googletest/xcode/Samples/FrameworkSample/widget.cc
Invoking: GCC C++ Compiler
g++ -std=c++17 -Ilpthread -O0 -g3 -Wall -c -fmessage-length=0 -MMD -MP -MF"googletest/googletest/xcode/Samples/FrameworkSample/widget.d" -MT"googletest/googletest/xcode/Samples/FrameworkSample/widget.o" -o "googletest/googletest/xcode/Samples/FrameworkSample/widget.o" "../googletest/googletest/xcode/Samples/FrameworkSample/widget.cc"
Finished building: ../googletest/googletest/xcode/Samples/FrameworkSample/widget.cc
 
Building file: ../googletest/googletest/xcode/Samples/FrameworkSample/widget_test.cc
Invoking: GCC C++ Compiler
g++ -std=c++17 -Ilpthread -O0 -g3 -Wall -c -fmessage-length=0 -MMD -MP -MF"googletest/googletest/xcode/Samples/FrameworkSample/widget_test.d" -MT"googletest/googletest/xcode/Samples/FrameworkSample/widget_test.o" -o "googletest/googletest/xcode/Samples/FrameworkSample/widget_test.o" "../googletest/googletest/xcode/Samples/FrameworkSample/widget_test.cc"
../googletest/googletest/xcode/Samples/FrameworkSample/widget_test.cc:41:10: fatal error: 'Widget/widget.h' file not found
#include <Widget/widget.h>
         ^~~~~~~~~~~~~~~~~
1 error generated.
make: *** [googletest/googletest/xcode/Samples/FrameworkSample/widget_test.o] Error 1

13:17:09 Build Finished (took 5s.882ms)

